<?xml version="1.0" encoding="UTF-8"?>
<!-- Generated by org.testng.reporters.JUnitXMLReporter -->
<testsuite ignored="0" hostname="shahid" failures="0" tests="5" name="Test" time="3.691" errors="0" timestamp="28 Aug 2025 13:49:28 GMT">
  <testcase classname="org.testing.testScripts.TC5_DeleteMethod" name="testcase5" time="2.757"/>
  <testcase classname="org.testing.testScripts.TC2_GetAllMethod" name="testCase2" time="0.272"/>
  <testcase classname="org.testing.testScripts.TC1_PostMethod" name="testCase1" time="0.216"/>
  <testcase classname="org.testing.testScripts.TC4_PutMethod" name="testCase4" time="0.168"/>
  <testcase classname="org.testing.testScripts.TC3_getParticularMethod" name="testcase3" time="0.248"/>
</testsuite> <!-- Test -->
