<?xml version="1.0" encoding="UTF-8"?>
<testng-results ignored="0" total="1" passed="1" failed="0" skipped="0">
  <reporter-output>
  </reporter-output>
  <suite started-at="2025-08-29T11:34:35Z" name="Default suite" finished-at="2025-08-29T11:34:36Z" duration-ms="1134">
    <groups>
    </groups>
    <test started-at="2025-08-29T11:34:35Z" name="Default test" finished-at="2025-08-29T11:34:36Z" duration-ms="1134">
      <class name="org.testing.testScripts.TC2_GetAllMethod">
        <test-method signature="testCase2()[pri:0, instance:org.testing.testScripts.TC2_GetAllMethod@4b213651]" started-at="2025-08-29T17:04:35Z" name="testCase2" finished-at="2025-08-29T17:04:36Z" duration-ms="1126" status="PASS">
          <reporter-output>
          </reporter-output>
        </test-method> <!-- testCase2 -->
      </class> <!-- org.testing.testScripts.TC2_GetAllMethod -->
    </test> <!-- Default test -->
  </suite> <!-- Default suite -->
</testng-results>
